{"/Users/ryanflachmam/Module4/lets-hang/Actions/index.js": {"path":"/Users/ryanflachmam/Module4/lets-hang/Actions/index.js","statementMap":{"0":{"start":{"line":1,"column":25},"end":{"line":4,"column":2}},"1":{"start":{"line":1,"column":36},"end":{"line":4,"column":1}},"2":{"start":{"line":6,"column":26},"end":{"line":9,"column":2}},"3":{"start":{"line":6,"column":38},"end":{"line":9,"column":1}},"4":{"start":{"line":11,"column":30},"end":{"line":14,"column":2}},"5":{"start":{"line":11,"column":39},"end":{"line":14,"column":1}},"6":{"start":{"line":16,"column":26},"end":{"line":19,"column":2}},"7":{"start":{"line":16,"column":36},"end":{"line":19,"column":1}},"8":{"start":{"line":21,"column":24},"end":{"line":24,"column":2}},"9":{"start":{"line":21,"column":34},"end":{"line":24,"column":1}},"10":{"start":{"line":26,"column":33},"end":{"line":29,"column":2}},"11":{"start":{"line":26,"column":45},"end":{"line":29,"column":1}},"12":{"start":{"line":31,"column":35},"end":{"line":34,"column":2}},"13":{"start":{"line":31,"column":47},"end":{"line":34,"column":1}},"14":{"start":{"line":36,"column":31},"end":{"line":39,"column":2}},"15":{"start":{"line":36,"column":42},"end":{"line":39,"column":1}}},"fnMap":{"0":{"name":"(anonymous_0)","decl":{"start":{"line":1,"column":25},"end":{"line":1,"column":26}},"loc":{"start":{"line":1,"column":36},"end":{"line":4,"column":1}},"line":1},"1":{"name":"(anonymous_1)","decl":{"start":{"line":6,"column":26},"end":{"line":6,"column":27}},"loc":{"start":{"line":6,"column":38},"end":{"line":9,"column":1}},"line":6},"2":{"name":"(anonymous_2)","decl":{"start":{"line":11,"column":30},"end":{"line":11,"column":31}},"loc":{"start":{"line":11,"column":39},"end":{"line":14,"column":1}},"line":11},"3":{"name":"(anonymous_3)","decl":{"start":{"line":16,"column":26},"end":{"line":16,"column":27}},"loc":{"start":{"line":16,"column":36},"end":{"line":19,"column":1}},"line":16},"4":{"name":"(anonymous_4)","decl":{"start":{"line":21,"column":24},"end":{"line":21,"column":25}},"loc":{"start":{"line":21,"column":34},"end":{"line":24,"column":1}},"line":21},"5":{"name":"(anonymous_5)","decl":{"start":{"line":26,"column":33},"end":{"line":26,"column":34}},"loc":{"start":{"line":26,"column":45},"end":{"line":29,"column":1}},"line":26},"6":{"name":"(anonymous_6)","decl":{"start":{"line":31,"column":35},"end":{"line":31,"column":36}},"loc":{"start":{"line":31,"column":47},"end":{"line":34,"column":1}},"line":31},"7":{"name":"(anonymous_7)","decl":{"start":{"line":36,"column":31},"end":{"line":36,"column":32}},"loc":{"start":{"line":36,"column":42},"end":{"line":39,"column":1}},"line":36}},"branchMap":{},"s":{"0":3,"1":4,"2":3,"3":4,"4":3,"5":2,"6":3,"7":6,"8":3,"9":4,"10":3,"11":0,"12":3,"13":0,"14":3,"15":0},"f":{"0":4,"1":4,"2":2,"3":6,"4":4,"5":0,"6":0,"7":0},"b":{},"_coverageSchema":"43e27e138ebf9cfc5966b082cf9a028302ed4184","hash":"27933a9675aff84369153bed9bb62563a23d6e14"}
,"/Users/ryanflachmam/Module4/lets-hang/Reducers/CurrentUserReducer.js": {"path":"/Users/ryanflachmam/Module4/lets-hang/Reducers/CurrentUserReducer.js","statementMap":{"0":{"start":{"line":1,"column":34},"end":{"line":8,"column":1}},"1":{"start":{"line":2,"column":2},"end":{"line":7,"column":3}},"2":{"start":{"line":4,"column":6},"end":{"line":4,"column":29}},"3":{"start":{"line":6,"column":6},"end":{"line":6,"column":18}}},"fnMap":{"0":{"name":"(anonymous_0)","decl":{"start":{"line":1,"column":34},"end":{"line":1,"column":35}},"loc":{"start":{"line":1,"column":58},"end":{"line":8,"column":1}},"line":1}},"branchMap":{"0":{"loc":{"start":{"line":1,"column":35},"end":{"line":1,"column":45}},"type":"default-arg","locations":[{"start":{"line":1,"column":43},"end":{"line":1,"column":45}}],"line":1},"1":{"loc":{"start":{"line":2,"column":2},"end":{"line":7,"column":3}},"type":"switch","locations":[{"start":{"line":3,"column":4},"end":{"line":4,"column":29}},{"start":{"line":5,"column":4},"end":{"line":6,"column":18}}],"line":2}},"s":{"0":1,"1":2,"2":1,"3":1},"f":{"0":2},"b":{"0":[1],"1":[1,1]},"_coverageSchema":"43e27e138ebf9cfc5966b082cf9a028302ed4184","hash":"cf8c1972851847a3829746600d3db88e23a99064"}
,"/Users/ryanflachmam/Module4/lets-hang/Reducers/ErrorReducer.js": {"path":"/Users/ryanflachmam/Module4/lets-hang/Reducers/ErrorReducer.js","statementMap":{"0":{"start":{"line":1,"column":28},"end":{"line":8,"column":1}},"1":{"start":{"line":2,"column":2},"end":{"line":7,"column":3}},"2":{"start":{"line":4,"column":6},"end":{"line":4,"column":25}},"3":{"start":{"line":6,"column":6},"end":{"line":6,"column":18}}},"fnMap":{"0":{"name":"(anonymous_0)","decl":{"start":{"line":1,"column":28},"end":{"line":1,"column":29}},"loc":{"start":{"line":1,"column":52},"end":{"line":8,"column":1}},"line":1}},"branchMap":{"0":{"loc":{"start":{"line":1,"column":29},"end":{"line":1,"column":39}},"type":"default-arg","locations":[{"start":{"line":1,"column":37},"end":{"line":1,"column":39}}],"line":1},"1":{"loc":{"start":{"line":2,"column":2},"end":{"line":7,"column":3}},"type":"switch","locations":[{"start":{"line":3,"column":4},"end":{"line":4,"column":25}},{"start":{"line":5,"column":4},"end":{"line":6,"column":18}}],"line":2}},"s":{"0":1,"1":2,"2":1,"3":1},"f":{"0":2},"b":{"0":[1],"1":[1,1]},"_coverageSchema":"43e27e138ebf9cfc5966b082cf9a028302ed4184","hash":"8d02fffa8327b4c506728e923c4a7378927af603"}
,"/Users/ryanflachmam/Module4/lets-hang/Reducers/EventReducer.js": {"path":"/Users/ryanflachmam/Module4/lets-hang/Reducers/EventReducer.js","statementMap":{"0":{"start":{"line":1,"column":28},"end":{"line":10,"column":1}},"1":{"start":{"line":2,"column":2},"end":{"line":9,"column":3}},"2":{"start":{"line":4,"column":6},"end":{"line":4,"column":49}},"3":{"start":{"line":6,"column":6},"end":{"line":6,"column":53}},"4":{"start":{"line":8,"column":6},"end":{"line":8,"column":18}}},"fnMap":{"0":{"name":"(anonymous_0)","decl":{"start":{"line":1,"column":28},"end":{"line":1,"column":29}},"loc":{"start":{"line":1,"column":52},"end":{"line":10,"column":1}},"line":1}},"branchMap":{"0":{"loc":{"start":{"line":1,"column":29},"end":{"line":1,"column":39}},"type":"default-arg","locations":[{"start":{"line":1,"column":37},"end":{"line":1,"column":39}}],"line":1},"1":{"loc":{"start":{"line":2,"column":2},"end":{"line":9,"column":3}},"type":"switch","locations":[{"start":{"line":3,"column":4},"end":{"line":4,"column":49}},{"start":{"line":5,"column":4},"end":{"line":6,"column":53}},{"start":{"line":7,"column":4},"end":{"line":8,"column":18}}],"line":2}},"s":{"0":1,"1":3,"2":1,"3":1,"4":1},"f":{"0":3},"b":{"0":[1],"1":[1,1,1]},"_coverageSchema":"43e27e138ebf9cfc5966b082cf9a028302ed4184","hash":"fb1d6115cf23126f1db9af8c694abd59dcb42041"}
,"/Users/ryanflachmam/Module4/lets-hang/Reducers/FriendsReducer.js": {"path":"/Users/ryanflachmam/Module4/lets-hang/Reducers/FriendsReducer.js","statementMap":{"0":{"start":{"line":1,"column":30},"end":{"line":8,"column":3}},"1":{"start":{"line":2,"column":4},"end":{"line":7,"column":5}},"2":{"start":{"line":4,"column":8},"end":{"line":4,"column":62}},"3":{"start":{"line":6,"column":8},"end":{"line":6,"column":20}}},"fnMap":{"0":{"name":"(anonymous_0)","decl":{"start":{"line":1,"column":30},"end":{"line":1,"column":31}},"loc":{"start":{"line":1,"column":54},"end":{"line":8,"column":3}},"line":1}},"branchMap":{"0":{"loc":{"start":{"line":1,"column":31},"end":{"line":1,"column":41}},"type":"default-arg","locations":[{"start":{"line":1,"column":39},"end":{"line":1,"column":41}}],"line":1},"1":{"loc":{"start":{"line":2,"column":4},"end":{"line":7,"column":5}},"type":"switch","locations":[{"start":{"line":3,"column":6},"end":{"line":4,"column":62}},{"start":{"line":5,"column":6},"end":{"line":6,"column":20}}],"line":2}},"s":{"0":1,"1":2,"2":1,"3":1},"f":{"0":2},"b":{"0":[1],"1":[1,1]},"_coverageSchema":"43e27e138ebf9cfc5966b082cf9a028302ed4184","hash":"707066716a9ded723d21b540349656e3c7b0925d"}
,"/Users/ryanflachmam/Module4/lets-hang/Thunks/EventThunks.js": {"path":"/Users/ryanflachmam/Module4/lets-hang/Thunks/EventThunks.js","statementMap":{"0":{"start":{"line":3,"column":30},"end":{"line":15,"column":1}},"1":{"start":{"line":4,"column":14},"end":{"line":4,"column":84}},"2":{"start":{"line":5,"column":2},"end":{"line":14,"column":4}},"3":{"start":{"line":6,"column":4},"end":{"line":13,"column":5}},"4":{"start":{"line":7,"column":23},"end":{"line":7,"column":39}},"5":{"start":{"line":8,"column":21},"end":{"line":8,"column":42}},"6":{"start":{"line":9,"column":6},"end":{"line":9,"column":34}},"7":{"start":{"line":10,"column":6},"end":{"line":10,"column":20}},"8":{"start":{"line":12,"column":6},"end":{"line":12,"column":34}},"9":{"start":{"line":17,"column":32},"end":{"line":37,"column":1}},"10":{"start":{"line":18,"column":14},"end":{"line":18,"column":79}},"11":{"start":{"line":19,"column":2},"end":{"line":36,"column":4}},"12":{"start":{"line":20,"column":4},"end":{"line":35,"column":5}},"13":{"start":{"line":21,"column":22},"end":{"line":28,"column":7}},"14":{"start":{"line":29,"column":23},"end":{"line":29,"column":48}},"15":{"start":{"line":30,"column":23},"end":{"line":30,"column":44}},"16":{"start":{"line":31,"column":6},"end":{"line":31,"column":35}},"17":{"start":{"line":32,"column":6},"end":{"line":32,"column":22}},"18":{"start":{"line":34,"column":6},"end":{"line":34,"column":42}},"19":{"start":{"line":39,"column":41},"end":{"line":62,"column":1}},"20":{"start":{"line":40,"column":2},"end":{"line":40,"column":22}},"21":{"start":{"line":41,"column":14},"end":{"line":41,"column":89}},"22":{"start":{"line":42,"column":2},"end":{"line":61,"column":3}},"23":{"start":{"line":43,"column":4},"end":{"line":60,"column":5}},"24":{"start":{"line":44,"column":22},"end":{"line":51,"column":7}},"25":{"start":{"line":52,"column":23},"end":{"line":52,"column":48}},"26":{"start":{"line":53,"column":20},"end":{"line":53,"column":41}},"27":{"start":{"line":54,"column":6},"end":{"line":54,"column":24}},"28":{"start":{"line":55,"column":6},"end":{"line":55,"column":31}},"29":{"start":{"line":56,"column":6},"end":{"line":56,"column":18}},"30":{"start":{"line":59,"column":6},"end":{"line":59,"column":41}},"31":{"start":{"line":64,"column":32},"end":{"line":80,"column":1}},"32":{"start":{"line":65,"column":2},"end":{"line":65,"column":22}},"33":{"start":{"line":66,"column":14},"end":{"line":66,"column":89}},"34":{"start":{"line":67,"column":2},"end":{"line":79,"column":3}},"35":{"start":{"line":68,"column":4},"end":{"line":78,"column":5}},"36":{"start":{"line":69,"column":22},"end":{"line":71,"column":7}},"37":{"start":{"line":72,"column":23},"end":{"line":72,"column":48}},"38":{"start":{"line":73,"column":20},"end":{"line":73,"column":41}},"39":{"start":{"line":74,"column":6},"end":{"line":74,"column":18}},"40":{"start":{"line":77,"column":6},"end":{"line":77,"column":40}},"41":{"start":{"line":82,"column":33},"end":{"line":102,"column":1}},"42":{"start":{"line":83,"column":14},"end":{"line":83,"column":89}},"43":{"start":{"line":84,"column":2},"end":{"line":101,"column":3}},"44":{"start":{"line":85,"column":4},"end":{"line":100,"column":5}},"45":{"start":{"line":86,"column":22},"end":{"line":92,"column":7}},"46":{"start":{"line":93,"column":23},"end":{"line":93,"column":48}},"47":{"start":{"line":94,"column":20},"end":{"line":94,"column":41}},"48":{"start":{"line":95,"column":6},"end":{"line":95,"column":24}},"49":{"start":{"line":96,"column":6},"end":{"line":96,"column":18}},"50":{"start":{"line":99,"column":6},"end":{"line":99,"column":41}}},"fnMap":{"0":{"name":"(anonymous_0)","decl":{"start":{"line":3,"column":30},"end":{"line":3,"column":31}},"loc":{"start":{"line":3,"column":37},"end":{"line":15,"column":1}},"line":3},"1":{"name":"(anonymous_1)","decl":{"start":{"line":5,"column":9},"end":{"line":5,"column":10}},"loc":{"start":{"line":5,"column":27},"end":{"line":14,"column":3}},"line":5},"2":{"name":"(anonymous_2)","decl":{"start":{"line":17,"column":32},"end":{"line":17,"column":33}},"loc":{"start":{"line":17,"column":48},"end":{"line":37,"column":1}},"line":17},"3":{"name":"(anonymous_3)","decl":{"start":{"line":19,"column":9},"end":{"line":19,"column":10}},"loc":{"start":{"line":19,"column":27},"end":{"line":36,"column":3}},"line":19},"4":{"name":"(anonymous_4)","decl":{"start":{"line":39,"column":41},"end":{"line":39,"column":42}},"loc":{"start":{"line":39,"column":62},"end":{"line":62,"column":1}},"line":39},"5":{"name":"(anonymous_5)","decl":{"start":{"line":42,"column":9},"end":{"line":42,"column":10}},"loc":{"start":{"line":42,"column":27},"end":{"line":61,"column":3}},"line":42},"6":{"name":"(anonymous_6)","decl":{"start":{"line":64,"column":32},"end":{"line":64,"column":33}},"loc":{"start":{"line":64,"column":45},"end":{"line":80,"column":1}},"line":64},"7":{"name":"(anonymous_7)","decl":{"start":{"line":67,"column":9},"end":{"line":67,"column":10}},"loc":{"start":{"line":67,"column":27},"end":{"line":79,"column":3}},"line":67},"8":{"name":"(anonymous_8)","decl":{"start":{"line":82,"column":33},"end":{"line":82,"column":34}},"loc":{"start":{"line":82,"column":46},"end":{"line":102,"column":1}},"line":82},"9":{"name":"(anonymous_9)","decl":{"start":{"line":84,"column":9},"end":{"line":84,"column":10}},"loc":{"start":{"line":84,"column":27},"end":{"line":101,"column":3}},"line":84}},"branchMap":{},"s":{"0":1,"1":3,"2":3,"3":3,"4":3,"5":2,"6":2,"7":2,"8":1,"9":1,"10":3,"11":3,"12":3,"13":3,"14":3,"15":2,"16":2,"17":2,"18":1,"19":1,"20":0,"21":0,"22":0,"23":0,"24":0,"25":0,"26":0,"27":0,"28":0,"29":0,"30":0,"31":1,"32":0,"33":0,"34":0,"35":0,"36":0,"37":0,"38":0,"39":0,"40":0,"41":1,"42":0,"43":0,"44":0,"45":0,"46":0,"47":0,"48":0,"49":0,"50":0},"f":{"0":3,"1":3,"2":3,"3":3,"4":0,"5":0,"6":0,"7":0,"8":0,"9":0},"b":{},"_coverageSchema":"43e27e138ebf9cfc5966b082cf9a028302ed4184","hash":"219efa6e8166929ad08d0b5ef364ed948bf686c3"}
,"/Users/ryanflachmam/Module4/lets-hang/Thunks/FriendsThunks.js": {"path":"/Users/ryanflachmam/Module4/lets-hang/Thunks/FriendsThunks.js","statementMap":{"0":{"start":{"line":3,"column":35},"end":{"line":18,"column":1}},"1":{"start":{"line":4,"column":14},"end":{"line":4,"column":85}},"2":{"start":{"line":5,"column":2},"end":{"line":17,"column":3}},"3":{"start":{"line":6,"column":4},"end":{"line":16,"column":5}},"4":{"start":{"line":7,"column":23},"end":{"line":7,"column":39}},"5":{"start":{"line":8,"column":22},"end":{"line":8,"column":43}},"6":{"start":{"line":9,"column":6},"end":{"line":9,"column":35}},"7":{"start":{"line":10,"column":6},"end":{"line":10,"column":74}},"8":{"start":{"line":11,"column":6},"end":{"line":11,"column":78}},"9":{"start":{"line":12,"column":6},"end":{"line":12,"column":20}},"10":{"start":{"line":15,"column":6},"end":{"line":15,"column":33}},"11":{"start":{"line":20,"column":39},"end":{"line":40,"column":1}},"12":{"start":{"line":21,"column":14},"end":{"line":21,"column":100}},"13":{"start":{"line":22,"column":2},"end":{"line":39,"column":3}},"14":{"start":{"line":23,"column":4},"end":{"line":38,"column":5}},"15":{"start":{"line":24,"column":22},"end":{"line":30,"column":7}},"16":{"start":{"line":31,"column":23},"end":{"line":31,"column":48}},"17":{"start":{"line":32,"column":28},"end":{"line":32,"column":49}},"18":{"start":{"line":33,"column":6},"end":{"line":33,"column":32}},"19":{"start":{"line":34,"column":6},"end":{"line":34,"column":26}},"20":{"start":{"line":37,"column":6},"end":{"line":37,"column":41}},"21":{"start":{"line":42,"column":40},"end":{"line":63,"column":1}},"22":{"start":{"line":43,"column":14},"end":{"line":43,"column":90}},"23":{"start":{"line":44,"column":2},"end":{"line":62,"column":3}},"24":{"start":{"line":45,"column":20},"end":{"line":51,"column":5}},"25":{"start":{"line":52,"column":4},"end":{"line":61,"column":5}},"26":{"start":{"line":53,"column":23},"end":{"line":53,"column":48}},"27":{"start":{"line":54,"column":28},"end":{"line":54,"column":49}},"28":{"start":{"line":55,"column":6},"end":{"line":55,"column":32}},"29":{"start":{"line":56,"column":6},"end":{"line":56,"column":36}},"30":{"start":{"line":57,"column":6},"end":{"line":57,"column":26}},"31":{"start":{"line":60,"column":6},"end":{"line":60,"column":41}},"32":{"start":{"line":65,"column":33},"end":{"line":85,"column":1}},"33":{"start":{"line":66,"column":14},"end":{"line":66,"column":90}},"34":{"start":{"line":67,"column":2},"end":{"line":84,"column":3}},"35":{"start":{"line":68,"column":20},"end":{"line":74,"column":5}},"36":{"start":{"line":75,"column":4},"end":{"line":83,"column":5}},"37":{"start":{"line":76,"column":23},"end":{"line":76,"column":48}},"38":{"start":{"line":77,"column":27},"end":{"line":77,"column":48}},"39":{"start":{"line":78,"column":6},"end":{"line":78,"column":36}},"40":{"start":{"line":79,"column":6},"end":{"line":79,"column":25}},"41":{"start":{"line":82,"column":6},"end":{"line":82,"column":41}},"42":{"start":{"line":87,"column":36},"end":{"line":100,"column":1}},"43":{"start":{"line":88,"column":14},"end":{"line":88,"column":98}},"44":{"start":{"line":89,"column":2},"end":{"line":99,"column":3}},"45":{"start":{"line":90,"column":4},"end":{"line":98,"column":5}},"46":{"start":{"line":91,"column":23},"end":{"line":91,"column":39}},"47":{"start":{"line":92,"column":21},"end":{"line":92,"column":42}},"48":{"start":{"line":93,"column":6},"end":{"line":93,"column":44}},"49":{"start":{"line":94,"column":6},"end":{"line":94,"column":24}},"50":{"start":{"line":97,"column":6},"end":{"line":97,"column":41}}},"fnMap":{"0":{"name":"(anonymous_0)","decl":{"start":{"line":3,"column":35},"end":{"line":3,"column":36}},"loc":{"start":{"line":3,"column":42},"end":{"line":18,"column":1}},"line":3},"1":{"name":"(anonymous_1)","decl":{"start":{"line":5,"column":9},"end":{"line":5,"column":10}},"loc":{"start":{"line":5,"column":27},"end":{"line":17,"column":3}},"line":5},"2":{"name":"(anonymous_2)","decl":{"start":{"line":20,"column":39},"end":{"line":20,"column":40}},"loc":{"start":{"line":20,"column":52},"end":{"line":40,"column":1}},"line":20},"3":{"name":"(anonymous_3)","decl":{"start":{"line":22,"column":9},"end":{"line":22,"column":10}},"loc":{"start":{"line":22,"column":27},"end":{"line":39,"column":3}},"line":22},"4":{"name":"(anonymous_4)","decl":{"start":{"line":42,"column":40},"end":{"line":42,"column":41}},"loc":{"start":{"line":42,"column":53},"end":{"line":63,"column":1}},"line":42},"5":{"name":"(anonymous_5)","decl":{"start":{"line":44,"column":9},"end":{"line":44,"column":10}},"loc":{"start":{"line":44,"column":27},"end":{"line":62,"column":3}},"line":44},"6":{"name":"(anonymous_6)","decl":{"start":{"line":65,"column":33},"end":{"line":65,"column":34}},"loc":{"start":{"line":65,"column":46},"end":{"line":85,"column":1}},"line":65},"7":{"name":"(anonymous_7)","decl":{"start":{"line":67,"column":9},"end":{"line":67,"column":10}},"loc":{"start":{"line":67,"column":27},"end":{"line":84,"column":3}},"line":67},"8":{"name":"(anonymous_8)","decl":{"start":{"line":87,"column":36},"end":{"line":87,"column":37}},"loc":{"start":{"line":87,"column":51},"end":{"line":100,"column":1}},"line":87},"9":{"name":"(anonymous_9)","decl":{"start":{"line":89,"column":9},"end":{"line":89,"column":10}},"loc":{"start":{"line":89,"column":27},"end":{"line":99,"column":3}},"line":89}},"branchMap":{},"s":{"0":1,"1":2,"2":2,"3":2,"4":2,"5":2,"6":2,"7":2,"8":0,"9":0,"10":2,"11":1,"12":0,"13":0,"14":0,"15":0,"16":0,"17":0,"18":0,"19":0,"20":0,"21":1,"22":0,"23":0,"24":0,"25":0,"26":0,"27":0,"28":0,"29":0,"30":0,"31":0,"32":1,"33":0,"34":0,"35":0,"36":0,"37":0,"38":0,"39":0,"40":0,"41":0,"42":1,"43":0,"44":0,"45":0,"46":0,"47":0,"48":0,"49":0,"50":0},"f":{"0":2,"1":2,"2":0,"3":0,"4":0,"5":0,"6":0,"7":0,"8":0,"9":0},"b":{},"_coverageSchema":"43e27e138ebf9cfc5966b082cf9a028302ed4184","hash":"54c441c9795b20a4807169a8950952838b0a9ee1"}
}
