TN:
SF:/Users/ryanflachmam/Module4/lets-hang/Actions/index.js
FN:1,(anonymous_0)
FN:6,(anonymous_1)
FN:11,(anonymous_2)
FN:16,(anonymous_3)
FN:21,(anonymous_4)
FN:26,(anonymous_5)
FN:31,(anonymous_6)
FN:36,(anonymous_7)
FN:41,(anonymous_8)
FN:46,(anonymous_9)
FNF:10
FNH:5
FNDA:4,(anonymous_0)
FNDA:4,(anonymous_1)
FNDA:2,(anonymous_2)
FNDA:6,(anonymous_3)
FNDA:4,(anonymous_4)
FNDA:0,(anonymous_5)
FNDA:0,(anonymous_6)
FNDA:0,(anonymous_7)
FNDA:0,(anonymous_8)
FNDA:0,(anonymous_9)
DA:1,4
DA:6,4
DA:11,3
DA:16,6
DA:21,4
DA:26,3
DA:31,3
DA:36,3
DA:41,3
DA:46,3
LF:10
LH:10
BRF:0
BRH:0
end_of_record
TN:
SF:/Users/ryanflachmam/Module4/lets-hang/Components/AttendingList/AttendingList.js
FN:5,(anonymous_0)
FNF:1
FNH:1
FNDA:1,(anonymous_0)
DA:5,1
DA:6,1
DA:13,1
LF:3
LH:3
BRF:0
BRH:0
end_of_record
TN:
SF:/Users/ryanflachmam/Module4/lets-hang/Reducers/CurrentUserReducer.js
FN:1,(anonymous_0)
FNF:1
FNH:1
FNDA:2,(anonymous_0)
DA:1,1
DA:2,2
DA:4,1
DA:6,1
LF:4
LH:4
BRDA:1,0,0,1
BRDA:2,1,0,1
BRDA:2,1,1,1
BRF:3
BRH:3
end_of_record
TN:
SF:/Users/ryanflachmam/Module4/lets-hang/Reducers/ErrorReducer.js
FN:1,(anonymous_0)
FNF:1
FNH:1
FNDA:2,(anonymous_0)
DA:1,1
DA:2,2
DA:4,1
DA:6,1
LF:4
LH:4
BRDA:1,0,0,1
BRDA:2,1,0,1
BRDA:2,1,1,1
BRF:3
BRH:3
end_of_record
TN:
SF:/Users/ryanflachmam/Module4/lets-hang/Reducers/EventReducer.js
FN:1,(anonymous_0)
FNF:1
FNH:1
FNDA:3,(anonymous_0)
DA:1,1
DA:2,3
DA:4,1
DA:6,1
DA:8,1
LF:5
LH:5
BRDA:1,0,0,1
BRDA:2,1,0,1
BRDA:2,1,1,1
BRDA:2,1,2,1
BRF:4
BRH:4
end_of_record
TN:
SF:/Users/ryanflachmam/Module4/lets-hang/Reducers/FriendsReducer.js
FN:1,(anonymous_0)
FNF:1
FNH:1
FNDA:2,(anonymous_0)
DA:1,1
DA:2,2
DA:4,1
DA:6,1
LF:4
LH:4
BRDA:1,0,0,1
BRDA:2,1,0,1
BRDA:2,1,1,1
BRF:3
BRH:3
end_of_record
TN:
SF:/Users/ryanflachmam/Module4/lets-hang/Thunks/EventThunks.js
FN:3,(anonymous_0)
FN:5,(anonymous_1)
FN:17,(anonymous_2)
FN:19,(anonymous_3)
FN:40,(anonymous_4)
FN:43,(anonymous_5)
FN:65,(anonymous_6)
FN:68,(anonymous_7)
FN:83,(anonymous_8)
FN:85,(anonymous_9)
FNF:10
FNH:4
FNDA:3,(anonymous_0)
FNDA:3,(anonymous_1)
FNDA:3,(anonymous_2)
FNDA:3,(anonymous_3)
FNDA:0,(anonymous_4)
FNDA:0,(anonymous_5)
FNDA:0,(anonymous_6)
FNDA:0,(anonymous_7)
FNDA:0,(anonymous_8)
FNDA:0,(anonymous_9)
DA:3,1
DA:4,3
DA:5,3
DA:6,3
DA:7,3
DA:8,2
DA:9,2
DA:10,2
DA:12,1
DA:17,1
DA:18,3
DA:19,3
DA:20,3
DA:21,3
DA:29,3
DA:30,2
DA:31,2
DA:32,2
DA:33,2
DA:35,1
DA:40,1
DA:41,0
DA:42,0
DA:43,0
DA:44,0
DA:45,0
DA:53,0
DA:54,0
DA:55,0
DA:56,0
DA:57,0
DA:60,0
DA:65,1
DA:66,0
DA:67,0
DA:68,0
DA:69,0
DA:70,0
DA:73,0
DA:74,0
DA:75,0
DA:78,0
DA:83,1
DA:84,0
DA:85,0
DA:86,0
DA:87,0
DA:94,0
DA:95,0
DA:96,0
DA:97,0
DA:100,0
LF:52
LH:23
BRF:0
BRH:0
end_of_record
TN:
SF:/Users/ryanflachmam/Module4/lets-hang/Thunks/FriendsThunks.js
FN:3,(anonymous_0)
FN:5,(anonymous_1)
FN:20,(anonymous_2)
FN:22,(anonymous_3)
FN:42,(anonymous_4)
FN:44,(anonymous_5)
FN:65,(anonymous_6)
FN:67,(anonymous_7)
FN:87,(anonymous_8)
FN:89,(anonymous_9)
FNF:10
FNH:2
FNDA:2,(anonymous_0)
FNDA:2,(anonymous_1)
FNDA:0,(anonymous_2)
FNDA:0,(anonymous_3)
FNDA:0,(anonymous_4)
FNDA:0,(anonymous_5)
FNDA:0,(anonymous_6)
FNDA:0,(anonymous_7)
FNDA:0,(anonymous_8)
FNDA:0,(anonymous_9)
DA:3,1
DA:4,2
DA:5,2
DA:6,2
DA:7,2
DA:8,2
DA:9,2
DA:10,2
DA:11,0
DA:12,0
DA:15,2
DA:20,1
DA:21,0
DA:22,0
DA:23,0
DA:24,0
DA:31,0
DA:32,0
DA:33,0
DA:34,0
DA:37,0
DA:42,1
DA:43,0
DA:44,0
DA:45,0
DA:52,0
DA:53,0
DA:54,0
DA:55,0
DA:56,0
DA:57,0
DA:60,0
DA:65,1
DA:66,0
DA:67,0
DA:68,0
DA:75,0
DA:76,0
DA:77,0
DA:78,0
DA:79,0
DA:82,0
DA:87,1
DA:88,0
DA:89,0
DA:90,0
DA:91,0
DA:92,0
DA:93,0
DA:94,0
DA:97,0
LF:51
LH:13
BRF:0
BRH:0
end_of_record
